#
# A fatal error has been detected by the Java Runtime Environment:
#
#  EXCEPTION_ACCESS_VIOLATION (0xc0000005) at pc=0x000000006c7274b8, pid=3736, tid=10264
#
# JRE version: Java(TM) SE Runtime Environment (8.0_25-b18) (build 1.8.0_25-b18)
# Java VM: Java HotSpot(TM) 64-Bit Server VM (25.25-b02 mixed mode windows-amd64 compressed oops)
# Problematic frame:
# C  [R.dll+0x274b8]
#
# Failed to write core dump. Minidumps are not enabled by default on client versions of Windows
#
# If you would like to submit a bug report, please visit:
#   http://bugreport.sun.com/bugreport/crash.jsp
# The crash happened outside the Java Virtual Machine in native code.
# See problematic frame for where to report the bug.
#

---------------  T H R E A D  ---------------

Current thread (0x00000000029f5800):  JavaThread "main" [_thread_in_native, id=10264, stack(0x00000000028f0000,0x00000000029f0000)]

siginfo: ExceptionCode=0xc0000005, reading address 0x0000000000000018

Registers:
RAX=0x0000000000000000, RBX=0x00000000209a0010, RCX=0x00000000209a0010, RDX=0x000000006ca0f230
RSP=0x00000000029ef090, RBP=0x0000000000007224, RSI=0x0000000000007224, RDI=0x000000000000000e
R8 =0x000000006ca0edc0, R9 =0x0000000000000001, R10=0x0000000000000000, R11=0x0000000000000286
R12=0x0000000000000000, R13=0x0000000000000007, R14=0x0000000000600000, R15=0x0000000000000028
RIP=0x000000006c7274b8, EFLAGS=0x0000000000010202

Top of Stack: (sp=0x00000000029ef090)
0x00000000029ef090:   00000000029f5800 000000001ff69020
0x00000000029ef0a0:   00000000029ef160 000000006d6a8697
0x00000000029ef0b0:   0000000000000000 0000000062d81b10
0x00000000029ef0c0:   00000000029f5800 0000000000039120
0x00000000029ef0d0:   0000000000000000 0000000000000000
0x00000000029ef0e0:   cafebabecafebabe 0000000000000000
0x00000000029ef0f0:   0000000000000010 00000000029f59e8
0x00000000029ef100:   00000000029ef230 0000000000007224
0x00000000029ef110:   000000001ff69020 0000000000007224
0x00000000029ef120:   000000001bfd5d40 00000000029ef238
0x00000000029ef130:   00000000029f5800 0000000062d82e52
0x00000000029ef140:   00000000029ef210 00000000029ef230
0x00000000029ef150:   0000000000000000 000000001bfd5d40
0x00000000029ef160:   000000001bfd5d40 0000000040000021
0x00000000029ef170:   0000000002af7470 00000000029ef210
0x00000000029ef180:   0000000000000000 0000000002b06677 

Instructions: (pc=0x000000006c7274b8)
0x000000006c727498:   e0 05 83 04 02 01 48 83 05 3a 7d 2e 00 01 48 89
0x000000006c7274a8:   2d 43 7d 2e 00 48 8d 15 7c 7d 2e 00 48 8b 04 02
0x000000006c7274b8:   48 8b 50 18 48 89 43 10 48 89 58 18 48 89 5a 10
0x000000006c7274c8:   48 89 53 18 e9 77 fd ff ff 44 8b 2d e8 7c 2e 00 


Register to memory mapping:

RAX=0x0000000000000000 is an unknown value
RBX=0x00000000209a0010 is an unknown value
RCX=0x00000000209a0010 is an unknown value
RDX=0x000000006ca0f230 is an unknown value
RSP=0x00000000029ef090 is pointing into the stack for thread: 0x00000000029f5800
RBP=0x0000000000007224 is an unknown value
RSI=0x0000000000007224 is an unknown value
RDI=0x000000000000000e is an unknown value
R8 =0x000000006ca0edc0 is an unknown value
R9 =0x0000000000000001 is an unknown value
R10=0x0000000000000000 is an unknown value
R11=0x0000000000000286 is an unknown value
R12=0x0000000000000000 is an unknown value
R13=0x0000000000000007 is an unknown value
R14=0x0000000000600000 is an unknown value
R15=0x0000000000000028 is an unknown value


Stack: [0x00000000028f0000,0x00000000029f0000],  sp=0x00000000029ef090,  free space=1020k
Native frames: (J=compiled Java code, j=interpreted, Vv=VM code, C=native code)
C  [R.dll+0x274b8]
C  [jri.dll+0x2e52]
C  0x0000000002b06677

Java frames: (J=compiled Java code, j=interpreted, Vv=VM code)
j  org.rosuda.JRI.Rengine.rniPutDoubleArray([D)J+0
j  org.rosuda.JRI.Rengine.assign(Ljava/lang/String;Lorg/rosuda/JRI/REXP;)Z+190
j  org.rosuda.JRI.Rengine.assign(Ljava/lang/String;[D)Z+10
j  Test.arima()V+126
j  Test.main([Ljava/lang/String;)V+0
v  ~StubRoutines::call_stub

---------------  P R O C E S S  ---------------

Java Threads: ( => current thread )
  0x000000001e68a800 JavaThread "Service Thread" daemon [_thread_blocked, id=5816, stack(0x000000001efd0000,0x000000001f0d0000)]
  0x000000001e60d800 JavaThread "C1 CompilerThread3" daemon [_thread_blocked, id=11060, stack(0x000000001eed0000,0x000000001efd0000)]
  0x000000001e608800 JavaThread "C2 CompilerThread2" daemon [_thread_blocked, id=408, stack(0x000000001edd0000,0x000000001eed0000)]
  0x000000001e602800 JavaThread "C2 CompilerThread1" daemon [_thread_in_native, id=1544, stack(0x000000001ecd0000,0x000000001edd0000)]
  0x000000001e5fd000 JavaThread "C2 CompilerThread0" daemon [_thread_in_native, id=8780, stack(0x000000001ebd0000,0x000000001ecd0000)]
  0x000000001e5fb800 JavaThread "Attach Listener" daemon [_thread_blocked, id=11488, stack(0x000000001ead0000,0x000000001ebd0000)]
  0x000000001e5fb000 JavaThread "Signal Dispatcher" daemon [_thread_blocked, id=1136, stack(0x000000001e9d0000,0x000000001ead0000)]
  0x0000000002aeb800 JavaThread "Finalizer" daemon [_thread_blocked, id=11848, stack(0x000000001e4c0000,0x000000001e5c0000)]
  0x0000000002ae5000 JavaThread "Reference Handler" daemon [_thread_blocked, id=9600, stack(0x000000001e3c0000,0x000000001e4c0000)]
=>0x00000000029f5800 JavaThread "main" [_thread_in_native, id=10264, stack(0x00000000028f0000,0x00000000029f0000)]

Other Threads:
  0x000000001c5a8800 VMThread [stack: 0x000000001e2c0000,0x000000001e3c0000] [id=12140]
  0x000000001e68f000 WatcherThread [stack: 0x000000001f0d0000,0x000000001f1d0000] [id=8416]

VM state:not at safepoint (normal execution)

VM Mutex/Monitor currently owned by a thread: None

Heap:
 PSYoungGen      total 76288K, used 53762K [0x000000076ae00000, 0x0000000770300000, 0x00000007c0000000)
  eden space 65536K, 78% used [0x000000076ae00000,0x000000076e03d2e8,0x000000076ee00000)
  from space 10752K, 21% used [0x000000076ee00000,0x000000076f0437c8,0x000000076f880000)
  to   space 10752K, 0% used [0x000000076f880000,0x000000076f880000,0x0000000770300000)
 ParOldGen       total 175104K, used 8K [0x00000006c0a00000, 0x00000006cb500000, 0x000000076ae00000)
  object space 175104K, 0% used [0x00000006c0a00000,0x00000006c0a02000,0x00000006cb500000)
 Metaspace       used 4132K, capacity 4690K, committed 4864K, reserved 1056768K
  class space    used 447K, capacity 462K, committed 512K, reserved 1048576K

Card table byte_map: [0x0000000011eb0000,0x00000000126b0000] byte_map_base: 0x000000000e8ab000

Marking Bits: (ParMarkBitMap*) 0x000000006dcbd490
 Begin Bits: [0x0000000013410000, 0x00000000173e8000)
 End Bits:   [0x00000000173e8000, 0x000000001b3c0000)

Polling page: 0x0000000000f60000

CodeCache: size=245760Kb used=2449Kb max_used=2461Kb free=243310Kb
 bounds [0x0000000002af0000, 0x0000000002d60000, 0x0000000011af0000]
 total_blobs=755 nmethods=482 adapters=187
 compilation: enabled

Compilation events (10 events):
Event: 0.417 Thread 0x000000001e60d800  483       3       java.util.concurrent.ConcurrentHashMap$Node::<init> (26 bytes)
Event: 0.417 Thread 0x000000001e60d800 nmethod 483 0x0000000002d4d7d0 code [0x0000000002d4d920, 0x0000000002d4db30]
Event: 0.417 Thread 0x000000001e60d800  484       3       java.util.concurrent.ConcurrentHashMap::casTabAt (20 bytes)
Event: 0.417 Thread 0x000000001e60d800 nmethod 484 0x0000000002d48d10 code [0x0000000002d48e60, 0x0000000002d48ff0]
Event: 0.422 Thread 0x000000001e608800 nmethod 451 0x0000000002d52350 code [0x0000000002d524e0, 0x0000000002d52af8]
Event: 0.422 Thread 0x000000001e608800  464       4       java.text.DateFormat::parse (61 bytes)
Event: 0.422 Thread 0x000000001e60d800  485       3       sun.net.www.ParseUtil::encodePath (336 bytes)
Event: 0.423 Thread 0x000000001e60d800 nmethod 485 0x0000000002d53650 code [0x0000000002d538c0, 0x0000000002d548b8]
Event: 0.423 Thread 0x000000001e608800 nmethod 464 0x0000000002d51fd0 code [0x0000000002d52120, 0x0000000002d52228]
Event: 0.423 Thread 0x000000001e608800  465       4       java.text.DecimalFormat::equals (353 bytes)

GC Heap History (2 events):
Event: 0.360 GC heap before
{Heap before GC invocations=1 (full 0):
 PSYoungGen      total 76288K, used 65536K [0x000000076ae00000, 0x0000000770300000, 0x00000007c0000000)
  eden space 65536K, 100% used [0x000000076ae00000,0x000000076ee00000,0x000000076ee00000)
  from space 10752K, 0% used [0x000000076f880000,0x000000076f880000,0x0000000770300000)
  to   space 10752K, 0% used [0x000000076ee00000,0x000000076ee00000,0x000000076f880000)
 ParOldGen       total 175104K, used 0K [0x00000006c0a00000, 0x00000006cb500000, 0x000000076ae00000)
  object space 175104K, 0% used [0x00000006c0a00000,0x00000006c0a00000,0x00000006cb500000)
 Metaspace       used 3947K, capacity 4558K, committed 4864K, reserved 1056768K
  class space    used 434K, capacity 458K, committed 512K, reserved 1048576K
Event: 0.363 GC heap after
Heap after GC invocations=1 (full 0):
 PSYoungGen      total 76288K, used 2317K [0x000000076ae00000, 0x0000000770300000, 0x00000007c0000000)
  eden space 65536K, 0% used [0x000000076ae00000,0x000000076ae00000,0x000000076ee00000)
  from space 10752K, 21% used [0x000000076ee00000,0x000000076f0437c8,0x000000076f880000)
  to   space 10752K, 0% used [0x000000076f880000,0x000000076f880000,0x0000000770300000)
 ParOldGen       total 175104K, used 8K [0x00000006c0a00000, 0x00000006cb500000, 0x000000076ae00000)
  object space 175104K, 0% used [0x00000006c0a00000,0x00000006c0a02000,0x00000006cb500000)
 Metaspace       used 3947K, capacity 4558K, committed 4864K, reserved 1056768K
  class space    used 434K, capacity 458K, committed 512K, reserved 1048576K
}

Deoptimization events (4 events):
Event: 0.383 Thread 0x00000000029f5800 Uncommon trap: reason=array_check action=maybe_recompile pc=0x0000000002d44a50 method=java.util.AbstractCollection.toArray([Ljava/lang/Object;)[Ljava/lang/Object; @ 119
Event: 0.383 Thread 0x00000000029f5800 Uncommon trap: reason=array_check action=maybe_recompile pc=0x0000000002d44a50 method=java.util.AbstractCollection.toArray([Ljava/lang/Object;)[Ljava/lang/Object; @ 119
Event: 0.383 Thread 0x00000000029f5800 Uncommon trap: reason=array_check action=maybe_recompile pc=0x0000000002d44a50 method=java.util.AbstractCollection.toArray([Ljava/lang/Object;)[Ljava/lang/Object; @ 119
Event: 0.383 Thread 0x00000000029f5800 Uncommon trap: reason=array_check action=maybe_recompile pc=0x0000000002d44a50 method=java.util.AbstractCollection.toArray([Ljava/lang/Object;)[Ljava/lang/Object; @ 119

Internal exceptions (10 events):
Event: 0.181 Thread 0x00000000029f5800 Exception <a 'java/security/PrivilegedActionException'> (0x000000076b374798) thrown at [D:\re\workspace\8-2-build-windows-amd64-cygwin\jdk8u25\1677\hotspot\src\share\vm\prims\jvm.cpp, line 1312]
Event: 0.181 Thread 0x00000000029f5800 Exception <a 'java/security/PrivilegedActionException'> (0x000000076b375bb8) thrown at [D:\re\workspace\8-2-build-windows-amd64-cygwin\jdk8u25\1677\hotspot\src\share\vm\prims\jvm.cpp, line 1312]
Event: 0.181 Thread 0x00000000029f5800 Exception <a 'java/security/PrivilegedActionException'> (0x000000076b375f00) thrown at [D:\re\workspace\8-2-build-windows-amd64-cygwin\jdk8u25\1677\hotspot\src\share\vm\prims\jvm.cpp, line 1312]
Event: 0.183 Thread 0x00000000029f5800 Exception <a 'java/security/PrivilegedActionException'> (0x000000076b37e800) thrown at [D:\re\workspace\8-2-build-windows-amd64-cygwin\jdk8u25\1677\hotspot\src\share\vm\prims\jvm.cpp, line 1312]
Event: 0.189 Thread 0x00000000029f5800 Exception <a 'java/security/PrivilegedActionException'> (0x000000076b391918) thrown at [D:\re\workspace\8-2-build-windows-amd64-cygwin\jdk8u25\1677\hotspot\src\share\vm\prims\jvm.cpp, line 1312]
Event: 0.189 Thread 0x00000000029f5800 Exception <a 'java/security/PrivilegedActionException'> (0x000000076b39c5e0) thrown at [D:\re\workspace\8-2-build-windows-amd64-cygwin\jdk8u25\1677\hotspot\src\share\vm\prims\jvm.cpp, line 1312]
Event: 0.410 Thread 0x00000000029f5800 Exception <a 'java/security/PrivilegedActionException'> (0x000000076deda998) thrown at [D:\re\workspace\8-2-build-windows-amd64-cygwin\jdk8u25\1677\hotspot\src\share\vm\prims\jvm.cpp, line 1312]
Event: 0.416 Thread 0x00000000029f5800 Exception <a 'java/security/PrivilegedActionException'> (0x000000076df4bec8) thrown at [D:\re\workspace\8-2-build-windows-amd64-cygwin\jdk8u25\1677\hotspot\src\share\vm\prims\jvm.cpp, line 1312]
Event: 0.421 Thread 0x00000000029f5800 Exception <a 'java/security/PrivilegedActionException'> (0x000000076df5e4e0) thrown at [D:\re\workspace\8-2-build-windows-amd64-cygwin\jdk8u25\1677\hotspot\src\share\vm\prims\jvm.cpp, line 1312]
Event: 0.422 Thread 0x00000000029f5800 Exception <a 'java/security/PrivilegedActionException'> (0x000000076df63bc8) thrown at [D:\re\workspace\8-2-build-windows-amd64-cygwin\jdk8u25\1677\hotspot\src\share\vm\prims\jvm.cpp, line 1312]

Events (10 events):
Event: 0.417 loading class java/lang/InterruptedException
Event: 0.417 loading class java/lang/InterruptedException done
Event: 0.417 loading class java/lang/UnsatisfiedLinkError
Event: 0.417 loading class java/lang/UnsatisfiedLinkError done
Event: 0.417 loading class java/lang/ClassLoaderHelper
Event: 0.417 loading class java/lang/ClassLoaderHelper done
Event: 0.421 loading class org/rosuda/JRI/Mutex
Event: 0.421 loading class org/rosuda/JRI/Mutex done
Event: 0.422 loading class org/rosuda/JRI/REXP
Event: 0.422 loading class org/rosuda/JRI/REXP done


Dynamic libraries:
0x00007ff657da0000 - 0x00007ff657dd4000 	C:\Program Files\Java\jre1.8.0_25\bin\javaw.exe
0x00007ff956410000 - 0x00007ff9565c7000 	C:\WINDOWS\SYSTEM32\ntdll.dll
0x00007ff955f60000 - 0x00007ff95600b000 	C:\WINDOWS\system32\KERNEL32.DLL
0x00007ff953890000 - 0x00007ff953a56000 	C:\WINDOWS\system32\KERNELBASE.dll
0x00007ff951fa0000 - 0x00007ff95201f000 	C:\WINDOWS\system32\apphelp.dll
0x00007ff953400000 - 0x00007ff95342c000 	C:\WINDOWS\SYSTEM32\bcrypt.dll
0x00007ff9338c0000 - 0x00007ff933d45000 	C:\WINDOWS\AppPatch\AppPatch64\AcLayers.DLL
0x00007ff953b10000 - 0x00007ff953bae000 	C:\WINDOWS\system32\msvcrt.dll
0x00007ff955cc0000 - 0x00007ff955e33000 	C:\WINDOWS\system32\USER32.dll
0x00007ff953bc0000 - 0x00007ff953d3e000 	C:\WINDOWS\system32\GDI32.dll
0x00007ff954760000 - 0x00007ff955cbc000 	C:\WINDOWS\system32\SHELL32.dll
0x00007ff956280000 - 0x00007ff9562d0000 	C:\WINDOWS\system32\SHLWAPI.dll
0x00007ff9544b0000 - 0x00007ff9546ee000 	C:\WINDOWS\system32\combase.dll
0x00007ff956010000 - 0x00007ff956146000 	C:\WINDOWS\system32\RPCRT4.dll
0x00007ff955e40000 - 0x00007ff955ee4000 	C:\WINDOWS\system32\advapi32.dll
0x00007ff956150000 - 0x00007ff9561ab000 	C:\WINDOWS\system32\sechost.dll
0x00007ff953d40000 - 0x00007ff953e7c000 	C:\WINDOWS\system32\ole32.dll
0x00007ff94f160000 - 0x00007ff94f163000 	C:\WINDOWS\SYSTEM32\sfc.dll
0x00007ff94fc90000 - 0x00007ff94fd10000 	C:\WINDOWS\SYSTEM32\WINSPOOL.DRV
0x00007ff94a210000 - 0x00007ff94a222000 	C:\WINDOWS\SYSTEM32\sfc_os.DLL
0x00007ff9535b0000 - 0x00007ff953659000 	C:\WINDOWS\system32\SHCORE.dll
0x00007ff954210000 - 0x00007ff954245000 	C:\WINDOWS\system32\IMM32.DLL
0x00007ff954050000 - 0x00007ff9541a4000 	C:\WINDOWS\system32\MSCTF.dll
0x00007ff950d90000 - 0x00007ff951000000 	C:\WINDOWS\WinSxS\amd64_microsoft.windows.common-controls_6595b64144ccf1df_6.0.9879.0_none_f124226344b97b01\COMCTL32.dll
0x000000006dd40000 - 0x000000006de12000 	C:\Program Files\Java\jre1.8.0_25\bin\msvcr100.dll
0x000000006d4e0000 - 0x000000006dd3a000 	C:\Program Files\Java\jre1.8.0_25\bin\server\jvm.dll
0x00007ff955ef0000 - 0x00007ff955ef7000 	C:\WINDOWS\system32\PSAPI.DLL
0x00007ff9516b0000 - 0x00007ff9516d0000 	C:\WINDOWS\SYSTEM32\WINMM.dll
0x00007ff948c30000 - 0x00007ff948c39000 	C:\WINDOWS\SYSTEM32\WSOCK32.dll
0x00007ff955f00000 - 0x00007ff955f59000 	C:\WINDOWS\system32\WS2_32.dll
0x0000000000f30000 - 0x0000000000f5b000 	C:\WINDOWS\SYSTEM32\WINMMBASE.dll
0x00007ff956270000 - 0x00007ff956278000 	C:\WINDOWS\system32\NSI.dll
0x00007ff953560000 - 0x00007ff9535a4000 	C:\WINDOWS\system32\cfgmgr32.dll
0x00007ff952210000 - 0x00007ff952236000 	C:\WINDOWS\SYSTEM32\DEVOBJ.dll
0x000000006d4d0000 - 0x000000006d4df000 	C:\Program Files\Java\jre1.8.0_25\bin\verify.dll
0x000000006d4a0000 - 0x000000006d4c8000 	C:\Program Files\Java\jre1.8.0_25\bin\java.dll
0x000000006d480000 - 0x000000006d496000 	C:\Program Files\Java\jre1.8.0_25\bin\zip.dll
0x00007ff953490000 - 0x00007ff9534a3000 	C:\WINDOWS\SYSTEM32\profapi.dll
0x000000006d460000 - 0x000000006d47a000 	C:\Program Files\Java\jre1.8.0_25\bin\net.dll
0x00007ff952e40000 - 0x00007ff952e98000 	C:\WINDOWS\system32\mswsock.dll
0x000000006d440000 - 0x000000006d451000 	C:\Program Files\Java\jre1.8.0_25\bin\nio.dll
0x0000000062d80000 - 0x0000000062da6000 	C:\Program Files\R\R-3.1.2\library\rJava\jri\jri.dll
0x000000006c700000 - 0x000000006cae9000 	C:\Program Files\R\R-3.1.2\bin\x64\R.dll
0x0000000064e80000 - 0x0000000064eda000 	C:\Program Files\R\R-3.1.2\bin\x64\Rblas.dll
0x00000000641c0000 - 0x00000000641e5000 	C:\Program Files\R\R-3.1.2\bin\x64\Riconv.dll
0x0000000063540000 - 0x00000000635b0000 	C:\Program Files\R\R-3.1.2\bin\x64\Rgraphapp.dll
0x00007ff9562f0000 - 0x00007ff9563ac000 	C:\WINDOWS\system32\comdlg32.dll
0x00007ff950b80000 - 0x00007ff950b8a000 	C:\WINDOWS\SYSTEM32\VERSION.dll
0x00007ff950570000 - 0x00007ff950577000 	C:\WINDOWS\SYSTEM32\MSIMG32.dll
0x000000006f8c0000 - 0x000000006f8f2000 	C:\Program Files\R\R-3.1.2\bin\x64\Rzlib.dll
0x00007ff9471c0000 - 0x00007ff947357000 	C:\WINDOWS\SYSTEM32\dbghelp.dll

VM Arguments:
jvm_args: -Dfile.encoding=Cp1252 
java_command: Test
java_class_path (initial): C:\Users\leonli0326\Dropbox\workspace\simple-client\target\test-classes;C:\Users\leonli0326\Dropbox\workspace\simple-client\target\classes;C:\Users\leonli0326\Dropbox\ClimateData\JRI.jar;C:\Users\leonli0326\Dropbox\ClimateData\JRIEngine.jar;C:\Users\leonli0326\Dropbox\ClimateData\REngine.jar;C:\Users\leonli0326\.m2\repository\com\datastax\cassandra\cassandra-driver-core\2.1.3\cassandra-driver-core-2.1.3.jar;C:\Users\leonli0326\.m2\repository\io\netty\netty\3.9.0.Final\netty-3.9.0.Final.jar;C:\Users\leonli0326\.m2\repository\com\google\guava\guava\14.0.1\guava-14.0.1.jar;C:\Users\leonli0326\.m2\repository\com\codahale\metrics\metrics-core\3.0.2\metrics-core-3.0.2.jar;C:\Users\leonli0326\.m2\repository\com\datastax\spark\spark-cassandra-connector_2.10\1.1.0\spark-cassandra-connector_2.10-1.1.0.jar;C:\Users\leonli0326\.m2\repository\org\scala-lang\scala-compiler\2.10.4\scala-compiler-2.10.4.jar;C:\Users\leonli0326\.m2\repository\org\scala-lang\scala-library\2.10.4\scala-library-2.10.4.jar;C:\Users\leonli0326\.m2\repository\org\apache\cassandra\cassandra-thrift\2.1.2\cassandra-thrift-2.1.2.jar;C:\Users\leonli0326\.m2\repository\org\apache\thrift\libthrift\0.9.1\libthrift-0.9.1.jar;C:\Users\leonli0326\.m2\repository\org\apache\httpcomponents\httpclient\4.2.5\httpclient-4.2.5.jar;C:\Users\leonli0326\.m2\repository\commons-logging\commons-logging\1.1.1\commons-logging-1.1.1.jar;C:\Users\leonli0326\.m2\repository\org\apache\httpcomponents\httpcore\4.2.4\httpcore-4.2.4.jar;C:\Users\leonli0326\.m2\repository\org\apache\cassandra\cassandra-clientutil\2.1.2\cassandra-clientutil-2.1.2.jar;C:\Users\leonli0326\.m2\repository\com\datastax\cassandra\cassandra-driver-core\2.1.3\cassandra-driver-core-2.1.3-sources.jar;C:\Users\leonli0326\.m2\repository\org\apache\spark\spark-streaming_2.10\1.1.0\spark-streaming_2.10-1.1.0-sources.jar;C:\Users\leonli0326\.m2\repository\org\apache\commons\commons-lang3\3.3.2\commons-lang3-3.3.2.jar;C:\Users\leonli0326\.m2\re
Launcher Type: SUN_STANDARD

Environment Variables:
JAVA_HOME=C:\Program Files\Java\jdk1.8.0_25
PATH=C:/Program Files/Java/jdk1.8.0_25/bin/../jre/bin/server;C:/Program Files/Java/jdk1.8.0_25/bin/../jre/bin;C:/Program Files/Java/jdk1.8.0_25/bin/../jre/lib/amd64;C:\Program Files\Java\jdk1.8.0_25\bin;C:\Program Files\Java\jdk1.8.0_25\jre;C:\ProgramData\Oracle\Java\javapath;C:\Program Files (x86)\NVIDIA Corporation\PhysX\Common;C:\Program Files (x86)\Intel\iCLS Client\;C:\Program Files\Intel\iCLS Client\;C:\WINDOWS\system32;C:\WINDOWS;C:\WINDOWS\System32\Wbem;C:\WINDOWS\System32\WindowsPowerShell\v1.0\;C:\Program Files\Intel\Intel(R) Management Engine Components\DAL;C:\Program Files\Intel\Intel(R) Management Engine Components\IPT;C:\Program Files (x86)\Intel\Intel(R) Management Engine Components\DAL;C:\Program Files (x86)\Intel\Intel(R) Management Engine Components\IPT;C:\Program Files\MATLAB\R2014b\runtime\win64;C:\Program Files\MATLAB\R2014b\bin;C:\Program Files\R\R-3.1.2\library\rJava\jri;C:\Program Files\R\R-3.1.2\bin\x64;C:\eclipse;
USERNAME=leonli0326
OS=Windows_NT
PROCESSOR_IDENTIFIER=Intel64 Family 6 Model 60 Stepping 3, GenuineIntel



---------------  S Y S T E M  ---------------

OS: Windows 8.1 , 64 bit Build 9600 

CPU:total 8 (4 cores per cpu, 2 threads per core) family 6 model 60 stepping 3, cmov, cx8, fxsr, mmx, sse, sse2, sse3, ssse3, sse4.1, sse4.2, popcnt, avx, avx2, aes, clmul, erms, lzcnt, ht, tsc, tscinvbit, bmi1, bmi2

Memory: 4k page, physical 16729872k(9869620k free), swap 19220240k(9336824k free)

vm_info: Java HotSpot(TM) 64-Bit Server VM (25.25-b02) for windows-amd64 JRE (1.8.0_25-b18), built on Oct  7 2014 14:25:37 by "java_re" with MS VC++ 10.0 (VS2010)

time: Mon Dec 08 11:39:12 2014
elapsed time: 0 seconds (0d 0h 0m 0s)

